<?xml version="1.0" encoding="UTF-8"?>
<!-- Generated by org.testng.reporters.JUnitXMLReporter -->
<testsuite ignored="0" hostname="LAPTOP-BJLM547G" failures="2" tests="5" name="Test" time="0.219" errors="0" timestamp="2024-01-13T04:10:32 IST">
  <testcase classname="ExtentReportDemoo.TestCaseExamplee" name="testMethod1" time="0.006"/>
  <testcase classname="ExtentReportDemoo.TestCaseExamplee" name="testMethod2" time="0.006">
    <failure type="java.lang.AssertionError" message="expected [true] but found [false]">
      <![CDATA[java.lang.AssertionError: expected [true] but found [false]
at ExtentReportDemoo.TestCaseExamplee.testMethod2(TestCaseExamplee.java:18)
at java.base/java.util.ArrayList.forEach(ArrayList.java:1511)
... Removed 31 stack frames]]>
    </failure>
  </testcase> <!-- testMethod2 -->
  <testcase classname="ExtentReportDemoo.TestCaseExamplee" name="testMethod3" time="0.001">
    <failure type="java.lang.AssertionError" message="expected [true] but found [false]">
      <![CDATA[java.lang.AssertionError: expected [true] but found [false]
at ExtentReportDemoo.TestCaseExamplee.testMethod3(TestCaseExamplee.java:24)
at java.base/java.util.ArrayList.forEach(ArrayList.java:1511)
... Removed 31 stack frames]]>
    </failure>
  </testcase> <!-- testMethod3 -->
  <testcase classname="ExtentReportDemoo.TestCaseExamplee" name="testMethod4" time="0.001"/>
  <testcase classname="ExtentReportDemoo.TestCaseExamplee" name="testMethod5" time="0.001">
    <skipped/>
  </testcase> <!-- testMethod5 -->
</testsuite> <!-- Test -->
