<?xml version="1.0" encoding="UTF-8"?>
<!-- Generated by org.testng.reporters.JUnitXMLReporter -->
<testsuite ignored="0" hostname="LAPTOP-BJLM547G" failures="0" tests="4" name="CurrentAccount" time="0.042" errors="0" timestamp="2023-11-01T17:32:23 IST">
  <testcase classname="BasicLearning_TestNG.CurrentActTestClass1" name="test1" time="0.005"/>
  <testcase classname="BasicLearning_TestNG.CurrentActTestClass1" name="test2" time="0.0"/>
  <testcase classname="BasicLearning_TestNG.CurrentActTestClass2" name="test1" time="0.001"/>
  <testcase classname="BasicLearning_TestNG.CurrentActTestClass2" name="test2" time="0.0"/>
</testsuite> <!-- CurrentAccount -->
