<?xml version="1.0" encoding="UTF-8"?>
<!-- Generated by org.testng.reporters.JUnitXMLReporter -->
<testsuite ignored="0" hostname="LAPTOP-BJLM547G" failures="0" tests="5" name="Functional Testing" time="0.042" errors="0" timestamp="2023-12-05T06:09:03 IST">
  <testcase classname="BatchTesting.PaymentTest" name="NetBanking" time="0.005"/>
  <testcase classname="BatchTesting.PaymentTest" name="cashOnDelivery" time="0.001"/>
  <testcase classname="BatchTesting.ProductPageTest" name="AddProductToCart" time="0.001"/>
  <testcase classname="BatchTesting.ProductPageTest" name="AddProductWishList" time="0.001"/>
  <testcase classname="BatchTesting.ProductPageTest" name="SelectQuantity" time="0.001"/>
</testsuite> <!-- Functional Testing -->
